2020-03-02 18:50:33,029  middleware.py:48 : INFO  Enabled downloader middlewares:
['scrapy.downloadermiddlewares.robotstxt.RobotsTxtMiddleware',
 'scrapy.downloadermiddlewares.httpauth.HttpAuthMiddleware',
 'scrapy.downloadermiddlewares.downloadtimeout.DownloadTimeoutMiddleware',
 'scrapy.downloadermiddlewares.defaultheaders.DefaultHeadersMiddleware',
 'scrapy.downloadermiddlewares.useragent.UserAgentMiddleware',
 'scrapy.downloadermiddlewares.retry.RetryMiddleware',
 'scrapy.downloadermiddlewares.redirect.MetaRefreshMiddleware',
 'scrapy.downloadermiddlewares.redirect.RedirectMiddleware',
 'scrapy.downloadermiddlewares.cookies.CookiesMiddleware',
 'scrapy_splash.SplashCookiesMiddleware',
 'scrapy_splash.SplashMiddleware',
 'scrapy.downloadermiddlewares.httpproxy.HttpProxyMiddleware',
 'scrapy.downloadermiddlewares.httpcompression.HttpCompressionMiddleware',
 'scrapy.downloadermiddlewares.stats.DownloaderStats']
2020-03-02 18:50:33,035  middleware.py:48 : INFO  Enabled spider middlewares:
['jy_guangdong.middlewares.CommonSpiderMiddleware',
 'scrapy.spidermiddlewares.httperror.HttpErrorMiddleware',
 'scrapy_splash.SplashDeduplicateArgsMiddleware',
 'scrapy.spidermiddlewares.offsite.OffsiteMiddleware',
 'scrapy.spidermiddlewares.referer.RefererMiddleware',
 'scrapy.spidermiddlewares.urllength.UrlLengthMiddleware',
 'scrapy.spidermiddlewares.depth.DepthMiddleware']
2020-03-02 18:50:33,037  middleware.py:48 : INFO  Enabled item pipelines:
['jy_guangdong.pipelines.CommonPipeline']
2020-03-02 18:50:33,038  engine.py:257 : INFO  Spider opened
2020-03-02 18:50:33,042  logstats.py:48 : INFO  Crawled 0 pages (at 0 pages/min), scraped 0 items (at 0 items/min)
2020-03-02 18:50:33,043  middlewares.py:62 : INFO  Spider opened: jy_guangdong_spider
2020-03-02 18:50:33,045  telnet.py:74 : INFO  Telnet console listening on 127.0.0.1:6023
2020-03-02 18:50:33,055  jy_guangdong.py:175 : INFO  start crawling...
2020-03-02 18:50:33,437  jy_guangdong.py:261 : INFO  Get page list url, page:[1], url:[http://zbtb.gd.gov.cn/bid/listZgysgg], status:[200], body md5:[95c7daaf49000845446efb9eb1e16fb9]
2020-03-02 18:50:33,437  jy_guangdong.py:263 : INFO  Crawl info: {'page_1': {'stop_parse': False, 'duplicate_records_num': 0, 'failed_page_num': 0, 'duplicate_list_page_num': 0, 'last_list_page_md5': '', 'total_page_num': 0, 'total_item_num': 0, 'stop_page_num': 700, 'stop_dup_item_num': 500000, 'stop_failed_page_num': 10, 'crawl_start_time': '2020-03-02 18:50:33', 'crawl_end_time': ''}}
2020-03-02 18:50:33,479  jy_guangdong.py:286 : INFO  Parse item, [page_1]-[1/1]
2020-03-02 18:50:33,638  jy_guangdong.py:312 : INFO  item is: {'_id': 'f00d1d88214d474111e4151556855e9a',
 'area': '中央',
 'area_code': '670000',
 'area_detail': '',
 'buyer': '',
 'content': '',
 'content_code': '1',
 'industry': '',
 'notice_time': '2020.01.06 10:26:41',
 'notice_type': '中标公告',
 'notice_type_code': '0104',
 'site': 'zbtb.gd.gov.cn',
 'site_name': '安琪酵母招标平台',
 'source': '安琪酵母招标平台',
 'time_stamp': 1583146233545,
 'title': '广州地铁集团有限公司2020年计算机配件物资打包采购网上比价公告',
 'tos': '工程建设',
 'tos_code': '01',
 'url': 'http://zbtb.gd.gov.cn/bid/detailZgysgg?id=9efba0b08bce41eb8e8f2e7d7a389b38'}
2020-03-02 18:50:33,671  jy_guangdong.py:286 : INFO  Parse item, [page_1]-[2/1]
2020-03-02 18:50:33,808  jy_guangdong.py:312 : INFO  item is: {'_id': 'c71e7b328c6419e745e97511964fec52',
 'area': '中央',
 'area_code': '670000',
 'area_detail': '',
 'buyer': '',
 'content': '',
 'content_code': '1',
 'industry': '',
 'notice_time': '2020.01.03 17:34:28',
 'notice_type': '中标公告',
 'notice_type_code': '0104',
 'site': 'zbtb.gd.gov.cn',
 'site_name': '安琪酵母招标平台',
 'source': '安琪酵母招标平台',
 'time_stamp': 1583146233734,
 'title': '顺德高新区西部启动区商务配套区D-XB-10-01A-16-01-2地块项目设计施工总承包资格预审公告',
 'tos': '工程建设',
 'tos_code': '01',
 'url': 'http://zbtb.gd.gov.cn/bid/detailZgysgg?id=685c5b2c937843ee82fba5e6dcc44774'}
2020-03-02 18:50:33,816  jy_guangdong.py:286 : INFO  Parse item, [page_1]-[3/1]
2020-03-02 18:50:33,978  jy_guangdong.py:312 : INFO  item is: {'_id': '4db107fef982b0e37efa5c47d387d512',
 'area': '中央',
 'area_code': '670000',
 'area_detail': '',
 'buyer': '',
 'content': '',
 'content_code': '1',
 'industry': '',
 'notice_time': '2020.01.03 17:17:46',
 'notice_type': '中标公告',
 'notice_type_code': '0104',
 'site': 'zbtb.gd.gov.cn',
 'site_name': '安琪酵母招标平台',
 'source': '安琪酵母招标平台',
 'time_stamp': 1583146233880,
 'title': '广州地铁集团有限公司2020-2022年齿轮箱吊杆车辆备件打包采购网上比价二次公告',
 'tos': '工程建设',
 'tos_code': '01',
 'url': 'http://zbtb.gd.gov.cn/bid/detailZgysgg?id=9fcb90531d1f4bebbb2de54ec41e5192'}
2020-03-02 18:50:33,983  jy_guangdong.py:286 : INFO  Parse item, [page_1]-[4/1]
2020-03-02 18:50:34,125  jy_guangdong.py:312 : INFO  item is: {'_id': 'c4aee076c7da02186cb43bed2ed29cb1',
 'area': '中央',
 'area_code': '670000',
 'area_detail': '',
 'buyer': '',
 'content': '',
 'content_code': '1',
 'industry': '',
 'notice_time': '2020.01.03 17:14:31',
 'notice_type': '中标公告',
 'notice_type_code': '0104',
 'site': 'zbtb.gd.gov.cn',
 'site_name': '安琪酵母招标平台',
 'source': '安琪酵母招标平台',
 'time_stamp': 1583146234047,
 'title': '广州地铁集团有限公司2020-2022年齿轮箱吊杆车辆备件打包采购网上比价公告',
 'tos': '工程建设',
 'tos_code': '01',
 'url': 'http://zbtb.gd.gov.cn/bid/detailZgysgg?id=4415ba747cc24971adf8a1789a224322'}
2020-03-02 18:50:34,136  jy_guangdong.py:286 : INFO  Parse item, [page_1]-[5/1]
2020-03-02 18:50:34,279  jy_guangdong.py:312 : INFO  item is: {'_id': 'dee1cbcea94eceb80180d12954d8a582',
 'area': '中央',
 'area_code': '670000',
 'area_detail': '',
 'buyer': '',
 'content': '',
 'content_code': '1',
 'industry': '',
 'notice_time': '2020.01.03 16:43:22',
 'notice_type': '中标公告',
 'notice_type_code': '0104',
 'site': 'zbtb.gd.gov.cn',
 'site_name': '安琪酵母招标平台',
 'source': '安琪酵母招标平台',
 'time_stamp': 1583146234203,
 'title': '广州地铁集团有限公司2019年逆变器单元等备件采购网上比价二次公告',
 'tos': '工程建设',
 'tos_code': '01',
 'url': 'http://zbtb.gd.gov.cn/bid/detailZgysgg?id=2354cadeac6b49279b887bacc76c96b6'}
2020-03-02 18:50:34,286  jy_guangdong.py:286 : INFO  Parse item, [page_1]-[6/1]
2020-03-02 18:50:34,428  jy_guangdong.py:312 : INFO  item is: {'_id': '7b36ec8b4833a0f4bb66de17e25450db',
 'area': '中央',
 'area_code': '670000',
 'area_detail': '',
 'buyer': '',
 'content': '',
 'content_code': '1',
 'industry': '',
 'notice_time': '2020.01.02 18:47:56',
 'notice_type': '中标公告',
 'notice_type_code': '0104',
 'site': 'zbtb.gd.gov.cn',
 'site_name': '安琪酵母招标平台',
 'source': '安琪酵母招标平台',
 'time_stamp': 1583146234351,
 'title': '百事高（广州）实业有限公司二期项目资格预审公告',
 'tos': '工程建设',
 'tos_code': '01',
 'url': 'http://zbtb.gd.gov.cn/bid/detailZgysgg?id=18dd91e585f34ea88d9a6ebed2fea7f7'}
2020-03-02 18:50:34,436  jy_guangdong.py:286 : INFO  Parse item, [page_1]-[7/1]
2020-03-02 18:50:34,562  jy_guangdong.py:312 : INFO  item is: {'_id': '1e190bd20f5f68c28b66648c4c6edb26',
 'area': '中央',
 'area_code': '670000',
 'area_detail': '',
 'buyer': '',
 'content': '',
 'content_code': '1',
 'industry': '',
 'notice_time': '2020.01.02 17:06:49',
 'notice_type': '中标公告',
 'notice_type_code': '0104',
 'site': 'zbtb.gd.gov.cn',
 'site_name': '安琪酵母招标平台',
 'source': '安琪酵母招标平台',
 'time_stamp': 1583146234495,
 'title': '广州地铁集团有限公司2019年电缆及配件打包采购项目网上报价公告',
 'tos': '工程建设',
 'tos_code': '01',
 'url': 'http://zbtb.gd.gov.cn/bid/detailZgysgg?id=babbd28bffc64d589ecd3d21840607b1'}
2020-03-02 18:50:34,567  jy_guangdong.py:286 : INFO  Parse item, [page_1]-[8/1]
2020-03-02 18:50:34,728  jy_guangdong.py:312 : INFO  item is: {'_id': 'fd4b8e73f92c06661a6f938ef7d275f3',
 'area': '中央',
 'area_code': '670000',
 'area_detail': '',
 'buyer': '',
 'content': '',
 'content_code': '1',
 'industry': '',
 'notice_time': '2020.01.02 09:44:41',
 'notice_type': '中标公告',
 'notice_type_code': '0104',
 'site': 'zbtb.gd.gov.cn',
 'site_name': '安琪酵母招标平台',
 'source': '安琪酵母招标平台',
 'time_stamp': 1583146234629,
 'title': '佛山企业家大厦空调主机采购及安装工程（二）招标资格预审公告',
 'tos': '工程建设',
 'tos_code': '01',
 'url': 'http://zbtb.gd.gov.cn/bid/detailZgysgg?id=1e5cd9b9342c44c49495c0dd61da4dc5'}
2020-03-02 18:50:34,734  jy_guangdong.py:286 : INFO  Parse item, [page_1]-[9/1]
2020-03-02 18:50:34,910  jy_guangdong.py:312 : INFO  item is: {'_id': '766bf65dc3d2e58992f8be84d7c306c6',
 'area': '中央',
 'area_code': '670000',
 'area_detail': '',
 'buyer': '',
 'content': '',
 'content_code': '1',
 'industry': '',
 'notice_time': '2019.12.31 11:17:39',
 'notice_type': '中标公告',
 'notice_type_code': '0104',
 'site': 'zbtb.gd.gov.cn',
 'site_name': '安琪酵母招标平台',
 'source': '安琪酵母招标平台',
 'time_stamp': 1583146234810,
 'title': '福来路道路升级工程资格预审公告',
 'tos': '工程建设',
 'tos_code': '01',
 'url': 'http://zbtb.gd.gov.cn/bid/detailZgysgg?id=4bbe2979f727476c9c4a4ab4fe3fbee4'}
2020-03-02 18:50:34,918  jy_guangdong.py:286 : INFO  Parse item, [page_1]-[10/1]
2020-03-02 18:50:35,069  jy_guangdong.py:312 : INFO  item is: {'_id': '3964ea09910b12ca674c71c8d2dd2e80',
 'area': '中央',
 'area_code': '670000',
 'area_detail': '',
 'buyer': '',
 'content': '',
 'content_code': '1',
 'industry': '',
 'notice_time': '2019.12.31 10:10:09',
 'notice_type': '中标公告',
 'notice_type_code': '0104',
 'site': 'zbtb.gd.gov.cn',
 'site_name': '安琪酵母招标平台',
 'source': '安琪酵母招标平台',
 'time_stamp': 1583146235001,
 'title': '广州市主城区高架桥及沿线隔声设施完善工程（第一批）施工监理资格预审公告',
 'tos': '工程建设',
 'tos_code': '01',
 'url': 'http://zbtb.gd.gov.cn/bid/detailZgysgg?id=1bc7304fdbf1435cbcefa409d03507bb'}
2020-03-02 18:50:35,075  jy_guangdong.py:286 : INFO  Parse item, [page_1]-[11/1]
2020-03-02 18:50:35,215  jy_guangdong.py:312 : INFO  item is: {'_id': '6224c98322478bb2a32bd8822dd536cd',
 'area': '中央',
 'area_code': '670000',
 'area_detail': '',
 'buyer': '',
 'content': '',
 'content_code': '1',
 'industry': '',
 'notice_time': '2019.12.30 16:50:21',
 'notice_type': '中标公告',
 'notice_type_code': '0104',
 'site': 'zbtb.gd.gov.cn',
 'site_name': '安琪酵母招标平台',
 'source': '安琪酵母招标平台',
 'time_stamp': 1583146235147,
 'title': '广州地铁集团有限公司2019年功率半导体单元等备件采购网上比价公告',
 'tos': '工程建设',
 'tos_code': '01',
 'url': 'http://zbtb.gd.gov.cn/bid/detailZgysgg?id=bc82c3b8e6bd42c7a53ca5b943f9a6a9'}
2020-03-02 18:50:35,222  jy_guangdong.py:286 : INFO  Parse item, [page_1]-[12/1]
2020-03-02 18:50:35,350  jy_guangdong.py:312 : INFO  item is: {'_id': '97b42057347df8c932faf117057dedf1',
 'area': '中央',
 'area_code': '670000',
 'area_detail': '',
 'buyer': '',
 'content': '',
 'content_code': '1',
 'industry': '',
 'notice_time': '2019.12.30 16:43:44',
 'notice_type': '中标公告',
 'notice_type_code': '0104',
 'site': 'zbtb.gd.gov.cn',
 'site_name': '安琪酵母招标平台',
 'source': '安琪酵母招标平台',
 'time_stamp': 1583146235286,
 'title': '广州地铁集团有限公司2019年4季度圆锥形轴承车辆备件采购网上比价公告',
 'tos': '工程建设',
 'tos_code': '01',
 'url': 'http://zbtb.gd.gov.cn/bid/detailZgysgg?id=0a6db852fd544c1b8371a4bfef7eba3a'}
2020-03-02 18:50:35,356  jy_guangdong.py:286 : INFO  Parse item, [page_1]-[13/1]
2020-03-03 09:31:04,553  middleware.py:48 : INFO  Enabled downloader middlewares:
['scrapy.downloadermiddlewares.robotstxt.RobotsTxtMiddleware',
 'scrapy.downloadermiddlewares.httpauth.HttpAuthMiddleware',
 'scrapy.downloadermiddlewares.downloadtimeout.DownloadTimeoutMiddleware',
 'scrapy.downloadermiddlewares.defaultheaders.DefaultHeadersMiddleware',
 'scrapy.downloadermiddlewares.useragent.UserAgentMiddleware',
 'scrapy.downloadermiddlewares.retry.RetryMiddleware',
 'scrapy.downloadermiddlewares.redirect.MetaRefreshMiddleware',
 'scrapy.downloadermiddlewares.redirect.RedirectMiddleware',
 'scrapy.downloadermiddlewares.cookies.CookiesMiddleware',
 'scrapy_splash.SplashCookiesMiddleware',
 'scrapy_splash.SplashMiddleware',
 'scrapy.downloadermiddlewares.httpproxy.HttpProxyMiddleware',
 'scrapy.downloadermiddlewares.httpcompression.HttpCompressionMiddleware',
 'scrapy.downloadermiddlewares.stats.DownloaderStats']
2020-03-03 09:31:04,558  middleware.py:48 : INFO  Enabled spider middlewares:
['jy_guangdong.middlewares.CommonSpiderMiddleware',
 'scrapy.spidermiddlewares.httperror.HttpErrorMiddleware',
 'scrapy_splash.SplashDeduplicateArgsMiddleware',
 'scrapy.spidermiddlewares.offsite.OffsiteMiddleware',
 'scrapy.spidermiddlewares.referer.RefererMiddleware',
 'scrapy.spidermiddlewares.urllength.UrlLengthMiddleware',
 'scrapy.spidermiddlewares.depth.DepthMiddleware']
2020-03-03 09:31:04,560  middleware.py:48 : INFO  Enabled item pipelines:
['jy_guangdong.pipelines.CommonPipeline']
2020-03-03 09:31:04,560  engine.py:257 : INFO  Spider opened
2020-03-03 09:31:04,565  logstats.py:48 : INFO  Crawled 0 pages (at 0 pages/min), scraped 0 items (at 0 items/min)
2020-03-03 09:31:04,566  middlewares.py:62 : INFO  Spider opened: jy_guangdong_spider
2020-03-03 09:31:04,567  telnet.py:74 : INFO  Telnet console listening on 127.0.0.1:6023
2020-03-03 09:31:04,578  jy_guangdong.py:598 : INFO  start crawling...
2020-03-03 09:31:05,058  jy_guangdong.py:684 : INFO  Get page list url, page:[1], url:[http://zbtb.gd.gov.cn/bid/listZgysgg], status:[200], body md5:[95c7daaf49000845446efb9eb1e16fb9]
2020-03-03 09:31:05,058  jy_guangdong.py:686 : INFO  Crawl info: {'page_1': {'stop_parse': False, 'duplicate_records_num': 0, 'failed_page_num': 0, 'duplicate_list_page_num': 0, 'last_list_page_md5': '', 'total_page_num': 0, 'total_item_num': 0, 'stop_page_num': 700, 'stop_dup_item_num': 500000, 'stop_failed_page_num': 10, 'crawl_start_time': '2020-03-03 09:31:04', 'crawl_end_time': ''}}
2020-03-03 09:31:05,082  jy_guangdong.py:709 : INFO  Parse item, [page_1]-[1/1]
2020-03-03 09:31:05,247  jy_guangdong.py:735 : INFO  item is: {'_id': 'f00d1d88214d474111e4151556855e9a',
 'area': '中央',
 'area_code': '670000',
 'area_detail': '',
 'buyer': '',
 'content': '',
 'content_code': '1',
 'industry': '',
 'notice_time': '2020.01.06 10:26:41',
 'notice_type': '资格预审公告',
 'notice_type_code': '0101',
 'site': 'zbtb.gd.gov.cn',
 'site_name': '广东省招标投标监管网',
 'source': '广东省招标投标监管网',
 'time_stamp': 1583199065194,
 'title': '广州地铁集团有限公司2020年计算机配件物资打包采购网上比价公告',
 'tos': '工程建设',
 'tos_code': '01',
 'url': 'http://zbtb.gd.gov.cn/bid/detailZgysgg?id=9efba0b08bce41eb8e8f2e7d7a389b38'}
2020-03-03 09:31:05,276  jy_guangdong.py:709 : INFO  Parse item, [page_1]-[2/1]
2020-03-03 09:31:05,465  jy_guangdong.py:735 : INFO  item is: {'_id': 'c71e7b328c6419e745e97511964fec52',
 'area': '中央',
 'area_code': '670000',
 'area_detail': '',
 'buyer': '',
 'content': '',
 'content_code': '1',
 'industry': '',
 'notice_time': '2020.01.03 17:34:28',
 'notice_type': '资格预审公告',
 'notice_type_code': '0101',
 'site': 'zbtb.gd.gov.cn',
 'site_name': '广东省招标投标监管网',
 'source': '广东省招标投标监管网',
 'time_stamp': 1583199065384,
 'title': '顺德高新区西部启动区商务配套区D-XB-10-01A-16-01-2地块项目设计施工总承包资格预审公告',
 'tos': '工程建设',
 'tos_code': '01',
 'url': 'http://zbtb.gd.gov.cn/bid/detailZgysgg?id=685c5b2c937843ee82fba5e6dcc44774'}
2020-03-03 09:31:05,472  jy_guangdong.py:709 : INFO  Parse item, [page_1]-[3/1]
2020-03-03 09:31:05,664  jy_guangdong.py:735 : INFO  item is: {'_id': '4db107fef982b0e37efa5c47d387d512',
 'area': '中央',
 'area_code': '670000',
 'area_detail': '',
 'buyer': '',
 'content': '',
 'content_code': '1',
 'industry': '',
 'notice_time': '2020.01.03 17:17:46',
 'notice_type': '资格预审公告',
 'notice_type_code': '0101',
 'site': 'zbtb.gd.gov.cn',
 'site_name': '广东省招标投标监管网',
 'source': '广东省招标投标监管网',
 'time_stamp': 1583199065584,
 'title': '广州地铁集团有限公司2020-2022年齿轮箱吊杆车辆备件打包采购网上比价二次公告',
 'tos': '工程建设',
 'tos_code': '01',
 'url': 'http://zbtb.gd.gov.cn/bid/detailZgysgg?id=9fcb90531d1f4bebbb2de54ec41e5192'}
2020-03-03 09:31:05,671  jy_guangdong.py:709 : INFO  Parse item, [page_1]-[4/1]
2020-03-03 09:31:05,796  jy_guangdong.py:735 : INFO  item is: {'_id': 'c4aee076c7da02186cb43bed2ed29cb1',
 'area': '中央',
 'area_code': '670000',
 'area_detail': '',
 'buyer': '',
 'content': '',
 'content_code': '1',
 'industry': '',
 'notice_time': '2020.01.03 17:14:31',
 'notice_type': '资格预审公告',
 'notice_type_code': '0101',
 'site': 'zbtb.gd.gov.cn',
 'site_name': '广东省招标投标监管网',
 'source': '广东省招标投标监管网',
 'time_stamp': 1583199065738,
 'title': '广州地铁集团有限公司2020-2022年齿轮箱吊杆车辆备件打包采购网上比价公告',
 'tos': '工程建设',
 'tos_code': '01',
 'url': 'http://zbtb.gd.gov.cn/bid/detailZgysgg?id=4415ba747cc24971adf8a1789a224322'}
2020-03-03 09:31:05,805  jy_guangdong.py:709 : INFO  Parse item, [page_1]-[5/1]
2020-03-03 09:31:05,939  jy_guangdong.py:735 : INFO  item is: {'_id': 'dee1cbcea94eceb80180d12954d8a582',
 'area': '中央',
 'area_code': '670000',
 'area_detail': '',
 'buyer': '',
 'content': '',
 'content_code': '1',
 'industry': '',
 'notice_time': '2020.01.03 16:43:22',
 'notice_type': '资格预审公告',
 'notice_type_code': '0101',
 'site': 'zbtb.gd.gov.cn',
 'site_name': '广东省招标投标监管网',
 'source': '广东省招标投标监管网',
 'time_stamp': 1583199065877,
 'title': '广州地铁集团有限公司2019年逆变器单元等备件采购网上比价二次公告',
 'tos': '工程建设',
 'tos_code': '01',
 'url': 'http://zbtb.gd.gov.cn/bid/detailZgysgg?id=2354cadeac6b49279b887bacc76c96b6'}
2020-03-03 09:31:05,948  jy_guangdong.py:709 : INFO  Parse item, [page_1]-[6/1]
2020-03-03 09:31:06,089  jy_guangdong.py:735 : INFO  item is: {'_id': '7b36ec8b4833a0f4bb66de17e25450db',
 'area': '中央',
 'area_code': '670000',
 'area_detail': '',
 'buyer': '',
 'content': '',
 'content_code': '1',
 'industry': '',
 'notice_time': '2020.01.02 18:47:56',
 'notice_type': '资格预审公告',
 'notice_type_code': '0101',
 'site': 'zbtb.gd.gov.cn',
 'site_name': '广东省招标投标监管网',
 'source': '广东省招标投标监管网',
 'time_stamp': 1583199066012,
 'title': '百事高（广州）实业有限公司二期项目资格预审公告',
 'tos': '工程建设',
 'tos_code': '01',
 'url': 'http://zbtb.gd.gov.cn/bid/detailZgysgg?id=18dd91e585f34ea88d9a6ebed2fea7f7'}
2020-03-03 09:31:06,096  jy_guangdong.py:709 : INFO  Parse item, [page_1]-[7/1]
2020-03-03 09:31:06,244  jy_guangdong.py:735 : INFO  item is: {'_id': '1e190bd20f5f68c28b66648c4c6edb26',
 'area': '中央',
 'area_code': '670000',
 'area_detail': '',
 'buyer': '',
 'content': '',
 'content_code': '1',
 'industry': '',
 'notice_time': '2020.01.02 17:06:49',
 'notice_type': '资格预审公告',
 'notice_type_code': '0101',
 'site': 'zbtb.gd.gov.cn',
 'site_name': '广东省招标投标监管网',
 'source': '广东省招标投标监管网',
 'time_stamp': 1583199066153,
 'title': '广州地铁集团有限公司2019年电缆及配件打包采购项目网上报价公告',
 'tos': '工程建设',
 'tos_code': '01',
 'url': 'http://zbtb.gd.gov.cn/bid/detailZgysgg?id=babbd28bffc64d589ecd3d21840607b1'}
2020-03-03 09:31:06,251  jy_guangdong.py:709 : INFO  Parse item, [page_1]-[8/1]
2020-03-03 09:31:06,373  jy_guangdong.py:735 : INFO  item is: {'_id': 'fd4b8e73f92c06661a6f938ef7d275f3',
 'area': '中央',
 'area_code': '670000',
 'area_detail': '',
 'buyer': '',
 'content': '',
 'content_code': '1',
 'industry': '',
 'notice_time': '2020.01.02 09:44:41',
 'notice_type': '资格预审公告',
 'notice_type_code': '0101',
 'site': 'zbtb.gd.gov.cn',
 'site_name': '广东省招标投标监管网',
 'source': '广东省招标投标监管网',
 'time_stamp': 1583199066311,
 'title': '佛山企业家大厦空调主机采购及安装工程（二）招标资格预审公告',
 'tos': '工程建设',
 'tos_code': '01',
 'url': 'http://zbtb.gd.gov.cn/bid/detailZgysgg?id=1e5cd9b9342c44c49495c0dd61da4dc5'}
2020-03-03 09:31:06,381  jy_guangdong.py:709 : INFO  Parse item, [page_1]-[9/1]
2020-03-03 09:31:06,547  jy_guangdong.py:735 : INFO  item is: {'_id': '766bf65dc3d2e58992f8be84d7c306c6',
 'area': '中央',
 'area_code': '670000',
 'area_detail': '',
 'buyer': '',
 'content': '',
 'content_code': '1',
 'industry': '',
 'notice_time': '2019.12.31 11:17:39',
 'notice_type': '资格预审公告',
 'notice_type_code': '0101',
 'site': 'zbtb.gd.gov.cn',
 'site_name': '广东省招标投标监管网',
 'source': '广东省招标投标监管网',
 'time_stamp': 1583199066445,
 'title': '福来路道路升级工程资格预审公告',
 'tos': '工程建设',
 'tos_code': '01',
 'url': 'http://zbtb.gd.gov.cn/bid/detailZgysgg?id=4bbe2979f727476c9c4a4ab4fe3fbee4'}
2020-03-03 09:31:06,555  jy_guangdong.py:709 : INFO  Parse item, [page_1]-[10/1]
2020-03-03 09:31:06,683  jy_guangdong.py:735 : INFO  item is: {'_id': '3964ea09910b12ca674c71c8d2dd2e80',
 'area': '中央',
 'area_code': '670000',
 'area_detail': '',
 'buyer': '',
 'content': '',
 'content_code': '1',
 'industry': '',
 'notice_time': '2019.12.31 10:10:09',
 'notice_type': '资格预审公告',
 'notice_type_code': '0101',
 'site': 'zbtb.gd.gov.cn',
 'site_name': '广东省招标投标监管网',
 'source': '广东省招标投标监管网',
 'time_stamp': 1583199066616,
 'title': '广州市主城区高架桥及沿线隔声设施完善工程（第一批）施工监理资格预审公告',
 'tos': '工程建设',
 'tos_code': '01',
 'url': 'http://zbtb.gd.gov.cn/bid/detailZgysgg?id=1bc7304fdbf1435cbcefa409d03507bb'}
2020-03-03 09:31:06,711  jy_guangdong.py:709 : INFO  Parse item, [page_1]-[11/1]
2020-03-03 09:31:06,869  jy_guangdong.py:735 : INFO  item is: {'_id': '6224c98322478bb2a32bd8822dd536cd',
 'area': '中央',
 'area_code': '670000',
 'area_detail': '',
 'buyer': '',
 'content': '',
 'content_code': '1',
 'industry': '',
 'notice_time': '2019.12.30 16:50:21',
 'notice_type': '资格预审公告',
 'notice_type_code': '0101',
 'site': 'zbtb.gd.gov.cn',
 'site_name': '广东省招标投标监管网',
 'source': '广东省招标投标监管网',
 'time_stamp': 1583199066811,
 'title': '广州地铁集团有限公司2019年功率半导体单元等备件采购网上比价公告',
 'tos': '工程建设',
 'tos_code': '01',
 'url': 'http://zbtb.gd.gov.cn/bid/detailZgysgg?id=bc82c3b8e6bd42c7a53ca5b943f9a6a9'}
2020-03-03 09:31:06,877  jy_guangdong.py:709 : INFO  Parse item, [page_1]-[12/1]
2020-03-03 09:31:07,066  jy_guangdong.py:735 : INFO  item is: {'_id': '97b42057347df8c932faf117057dedf1',
 'area': '中央',
 'area_code': '670000',
 'area_detail': '',
 'buyer': '',
 'content': '',
 'content_code': '1',
 'industry': '',
 'notice_time': '2019.12.30 16:43:44',
 'notice_type': '资格预审公告',
 'notice_type_code': '0101',
 'site': 'zbtb.gd.gov.cn',
 'site_name': '广东省招标投标监管网',
 'source': '广东省招标投标监管网',
 'time_stamp': 1583199066968,
 'title': '广州地铁集团有限公司2019年4季度圆锥形轴承车辆备件采购网上比价公告',
 'tos': '工程建设',
 'tos_code': '01',
 'url': 'http://zbtb.gd.gov.cn/bid/detailZgysgg?id=0a6db852fd544c1b8371a4bfef7eba3a'}
2020-03-03 09:31:07,075  jy_guangdong.py:709 : INFO  Parse item, [page_1]-[13/1]
2020-03-03 09:31:07,216  jy_guangdong.py:735 : INFO  item is: {'_id': '2f820a0d072f3fa5f5f45592c8d70a49',
 'area': '中央',
 'area_code': '670000',
 'area_detail': '',
 'buyer': '',
 'content': '',
 'content_code': '1',
 'industry': '',
 'notice_time': '2019.12.30 16:32:22',
 'notice_type': '资格预审公告',
 'notice_type_code': '0101',
 'site': 'zbtb.gd.gov.cn',
 'site_name': '广东省招标投标监管网',
 'source': '广东省招标投标监管网',
 'time_stamp': 1583199067136,
 'title': '广州地铁集团有限公司2020-2022年CMP板等信号备件打包采购网上比价公告',
 'tos': '工程建设',
 'tos_code': '01',
 'url': 'http://zbtb.gd.gov.cn/bid/detailZgysgg?id=a8f324d7db6a453dbca426bccf187ff9'}
2020-03-03 09:31:07,224  jy_guangdong.py:709 : INFO  Parse item, [page_1]-[14/1]
2020-03-03 09:31:07,386  jy_guangdong.py:735 : INFO  item is: {'_id': '43c90130e01c8ed3573d94d6d492c102',
 'area': '中央',
 'area_code': '670000',
 'area_detail': '',
 'buyer': '',
 'content': '',
 'content_code': '1',
 'industry': '',
 'notice_time': '2019.12.30 09:11:37',
 'notice_type': '资格预审公告',
 'notice_type_code': '0101',
 'site': 'zbtb.gd.gov.cn',
 'site_name': '广东省招标投标监管网',
 'source': '广东省招标投标监管网',
 'time_stamp': 1583199067285,
 'title': '广州地铁集团有限公司2020年受电弓碳滑板等备件打包采购网上比价公告',
 'tos': '工程建设',
 'tos_code': '01',
 'url': 'http://zbtb.gd.gov.cn/bid/detailZgysgg?id=56dd61eac9ba4118bd3051ece041eba7'}
2020-03-03 09:31:07,394  jy_guangdong.py:709 : INFO  Parse item, [page_1]-[15/1]
