2020-03-03 16:50:53,787  middleware.py:48 : INFO  Enabled downloader middlewares:
['scrapy.downloadermiddlewares.robotstxt.RobotsTxtMiddleware',
 'scrapy.downloadermiddlewares.httpauth.HttpAuthMiddleware',
 'scrapy.downloadermiddlewares.downloadtimeout.DownloadTimeoutMiddleware',
 'scrapy.downloadermiddlewares.defaultheaders.DefaultHeadersMiddleware',
 'scrapy.downloadermiddlewares.useragent.UserAgentMiddleware',
 'scrapy.downloadermiddlewares.retry.RetryMiddleware',
 'scrapy.downloadermiddlewares.redirect.MetaRefreshMiddleware',
 'scrapy.downloadermiddlewares.redirect.RedirectMiddleware',
 'scrapy.downloadermiddlewares.cookies.CookiesMiddleware',
 'scrapy_splash.SplashCookiesMiddleware',
 'scrapy_splash.SplashMiddleware',
 'scrapy.downloadermiddlewares.httpproxy.HttpProxyMiddleware',
 'scrapy.downloadermiddlewares.httpcompression.HttpCompressionMiddleware',
 'scrapy.downloadermiddlewares.stats.DownloaderStats']
2020-03-03 16:50:53,795  middleware.py:48 : INFO  Enabled spider middlewares:
['jy_hebei.middlewares.CommonSpiderMiddleware',
 'scrapy.spidermiddlewares.httperror.HttpErrorMiddleware',
 'scrapy_splash.SplashDeduplicateArgsMiddleware',
 'scrapy.spidermiddlewares.offsite.OffsiteMiddleware',
 'scrapy.spidermiddlewares.referer.RefererMiddleware',
 'scrapy.spidermiddlewares.urllength.UrlLengthMiddleware',
 'scrapy.spidermiddlewares.depth.DepthMiddleware']
2020-03-03 16:50:53,809  middleware.py:48 : INFO  Enabled item pipelines:
['jy_hebei.pipelines.CommonPipeline']
2020-03-03 16:50:53,812  engine.py:257 : INFO  Spider opened
2020-03-03 16:50:53,832  logstats.py:48 : INFO  Crawled 0 pages (at 0 pages/min), scraped 0 items (at 0 items/min)
2020-03-03 16:50:53,834  middlewares.py:62 : INFO  Spider opened: jy_hebei_spider
2020-03-03 16:50:53,837  telnet.py:74 : INFO  Telnet console listening on 127.0.0.1:6023
2020-03-03 16:50:53,864  jy_hebei.py:173 : INFO  start crawling...
2020-03-03 16:50:53,865  engine.py:133 : ERROR  Error while obtaining start requests
Traceback (most recent call last):
  File "/Users/huike/PycharmProjects/scrapyDemo/venv/lib/python3.7/site-packages/scrapy/core/engine.py", line 127, in _next_request
    request = next(slot.start_requests)
  File "/Users/huike/PycharmProjects/jy_hebei/jy_hebei/middlewares.py", line 58, in process_start_requests
    for r in start_requests:
  File "/Users/huike/PycharmProjects/scrapyDemo/venv/lib/python3.7/site-packages/scrapy_splash/middleware.py", line 167, in process_start_requests
    for req in start_requests:
  File "/Users/huike/PycharmProjects/jy_hebei/jy_hebei/spiders/jy_hebei.py", line 192, in start_requests
    ext_param=ext_param)
TypeError: get_normal_next_page_url() got an unexpected keyword argument 'ext_param'
2020-03-03 16:50:53,875  engine.py:296 : INFO  Closing spider (finished)
2020-03-03 16:50:54,402  jy_hebei.py:229 : INFO  Spider[jy_hebei_spider] closed, reason:[finished]
2020-03-03 16:50:54,402  statscollectors.py:47 : INFO  Dumping Scrapy stats:
{'elapsed_time_seconds': 0.04778,
 'finish_reason': 'finished',
 'finish_time': datetime.datetime(2020, 3, 3, 8, 50, 53, 880353),
 'log_count/ERROR': 1,
 'log_count/INFO': 13,
 'memusage/max': 57446400,
 'memusage/startup': 57446400,
 'start_time': datetime.datetime(2020, 3, 3, 8, 50, 53, 832573)}
2020-03-03 16:50:54,403  engine.py:327 : INFO  Spider closed (finished)
2020-03-03 16:52:04,275  middleware.py:48 : INFO  Enabled downloader middlewares:
['scrapy.downloadermiddlewares.robotstxt.RobotsTxtMiddleware',
 'scrapy.downloadermiddlewares.httpauth.HttpAuthMiddleware',
 'scrapy.downloadermiddlewares.downloadtimeout.DownloadTimeoutMiddleware',
 'scrapy.downloadermiddlewares.defaultheaders.DefaultHeadersMiddleware',
 'scrapy.downloadermiddlewares.useragent.UserAgentMiddleware',
 'scrapy.downloadermiddlewares.retry.RetryMiddleware',
 'scrapy.downloadermiddlewares.redirect.MetaRefreshMiddleware',
 'scrapy.downloadermiddlewares.redirect.RedirectMiddleware',
 'scrapy.downloadermiddlewares.cookies.CookiesMiddleware',
 'scrapy_splash.SplashCookiesMiddleware',
 'scrapy_splash.SplashMiddleware',
 'scrapy.downloadermiddlewares.httpproxy.HttpProxyMiddleware',
 'scrapy.downloadermiddlewares.httpcompression.HttpCompressionMiddleware',
 'scrapy.downloadermiddlewares.stats.DownloaderStats']
2020-03-03 16:52:04,287  middleware.py:48 : INFO  Enabled spider middlewares:
['jy_hebei.middlewares.CommonSpiderMiddleware',
 'scrapy.spidermiddlewares.httperror.HttpErrorMiddleware',
 'scrapy_splash.SplashDeduplicateArgsMiddleware',
 'scrapy.spidermiddlewares.offsite.OffsiteMiddleware',
 'scrapy.spidermiddlewares.referer.RefererMiddleware',
 'scrapy.spidermiddlewares.urllength.UrlLengthMiddleware',
 'scrapy.spidermiddlewares.depth.DepthMiddleware']
2020-03-03 16:52:04,291  middleware.py:48 : INFO  Enabled item pipelines:
['jy_hebei.pipelines.CommonPipeline']
2020-03-03 16:52:04,291  engine.py:257 : INFO  Spider opened
2020-03-03 16:52:04,299  logstats.py:48 : INFO  Crawled 0 pages (at 0 pages/min), scraped 0 items (at 0 items/min)
2020-03-03 16:52:04,299  middlewares.py:62 : INFO  Spider opened: jy_hebei_spider
2020-03-03 16:52:04,302  telnet.py:74 : INFO  Telnet console listening on 127.0.0.1:6023
2020-03-03 16:52:04,313  jy_hebei.py:173 : INFO  start crawling...
2020-03-03 16:52:30,218  middleware.py:48 : INFO  Enabled downloader middlewares:
['scrapy.downloadermiddlewares.robotstxt.RobotsTxtMiddleware',
 'scrapy.downloadermiddlewares.httpauth.HttpAuthMiddleware',
 'scrapy.downloadermiddlewares.downloadtimeout.DownloadTimeoutMiddleware',
 'scrapy.downloadermiddlewares.defaultheaders.DefaultHeadersMiddleware',
 'scrapy.downloadermiddlewares.useragent.UserAgentMiddleware',
 'scrapy.downloadermiddlewares.retry.RetryMiddleware',
 'scrapy.downloadermiddlewares.redirect.MetaRefreshMiddleware',
 'scrapy.downloadermiddlewares.redirect.RedirectMiddleware',
 'scrapy.downloadermiddlewares.cookies.CookiesMiddleware',
 'scrapy_splash.SplashCookiesMiddleware',
 'scrapy_splash.SplashMiddleware',
 'scrapy.downloadermiddlewares.httpproxy.HttpProxyMiddleware',
 'scrapy.downloadermiddlewares.httpcompression.HttpCompressionMiddleware',
 'scrapy.downloadermiddlewares.stats.DownloaderStats']
2020-03-03 16:52:30,226  middleware.py:48 : INFO  Enabled spider middlewares:
['jy_hebei.middlewares.CommonSpiderMiddleware',
 'scrapy.spidermiddlewares.httperror.HttpErrorMiddleware',
 'scrapy_splash.SplashDeduplicateArgsMiddleware',
 'scrapy.spidermiddlewares.offsite.OffsiteMiddleware',
 'scrapy.spidermiddlewares.referer.RefererMiddleware',
 'scrapy.spidermiddlewares.urllength.UrlLengthMiddleware',
 'scrapy.spidermiddlewares.depth.DepthMiddleware']
2020-03-03 16:52:30,228  middleware.py:48 : INFO  Enabled item pipelines:
['jy_hebei.pipelines.CommonPipeline']
2020-03-03 16:52:30,228  engine.py:257 : INFO  Spider opened
2020-03-03 16:52:30,244  logstats.py:48 : INFO  Crawled 0 pages (at 0 pages/min), scraped 0 items (at 0 items/min)
2020-03-03 16:52:30,245  middlewares.py:62 : INFO  Spider opened: jy_hebei_spider
2020-03-03 16:52:30,247  telnet.py:74 : INFO  Telnet console listening on 127.0.0.1:6024
2020-03-03 16:52:30,259  jy_hebei.py:173 : INFO  start crawling...
2020-03-03 16:52:41,387  jy_hebei.py:256 : INFO  Get page list url, page:[1], url:[http://www.hebeieb.com.cn/tender/xxgk/zbgg.do], status:[200], body md5:[ade00cfbfa7875128cf497b60cbdd0f5]
2020-03-03 16:52:41,387  jy_hebei.py:258 : INFO  Crawl info: {'page_1': {'stop_parse': False, 'duplicate_records_num': 0, 'failed_page_num': 0, 'duplicate_list_page_num': 0, 'last_list_page_md5': '', 'total_page_num': 0, 'total_item_num': 0, 'stop_page_num': 1000, 'stop_dup_item_num': 500000, 'stop_failed_page_num': 10, 'crawl_start_time': '2020-03-03 16:52:30', 'crawl_end_time': ''}}
2020-03-03 16:52:41,411  jy_hebei.py:327 : INFO  Parse item, [page_1]-[1/1]
2020-03-03 16:52:43,405  jy_hebei.py:353 : INFO  item is: {'_id': 'b1e0b7866e9c971638cb084d4bff21aa',
 'area': '山西',
 'area_code': '14',
 'area_detail': '',
 'buyer': '',
 'content': '',
 'content_code': '1',
 'industry': '',
 'notice_time': '2020-03-03 00:00:00',
 'notice_type': '招标公告',
 'notice_type_code': '0101',
 'site': 'www.hebeieb.com.cn',
 'site_name': '河北省招标投标公共服务平台',
 'source': '河北省招标投标公共服务平台',
 'time_stamp': 1583225563331,
 'title': '衡水市桃城区中华大街街道办事处2020年老旧小区既有建筑节能改造工程设计项目公告',
 'tos': '工程建设',
 'tos_code': '01',
 'url': 'http://www.hebeieb.com.cn/infogk/detail.do?categoryid=101101&infoid=e8a2e8b170bf1ceb661a7b2f71b67e8d&bdcodes=I3100000021016891001001&laiyuan=%255B%25E6%258B%259B%25E9%2587%2587%25E8%25BF%259B%25E5%25AE%259D%255D'}
2020-03-03 16:52:43,441  jy_hebei.py:327 : INFO  Parse item, [page_1]-[2/1]
2020-03-03 16:52:47,265  jy_hebei.py:353 : INFO  item is: {'_id': 'd6efd100ec266cc2f7e000fcaab3d479',
 'area': '山西',
 'area_code': '14',
 'area_detail': '',
 'buyer': '',
 'content': '',
 'content_code': '1',
 'industry': '',
 'notice_time': '2020-03-03 00:00:00',
 'notice_type': '招标公告',
 'notice_type_code': '0101',
 'site': 'www.hebeieb.com.cn',
 'site_name': '河北省招标投标公共服务平台',
 'source': '河北省招标投标公共服务平台',
 'time_stamp': 1583225567212,
 'title': '丛台区2019年抗旱应急项目',
 'tos': '工程建设',
 'tos_code': '01',
 'url': 'http://www.hebeieb.com.cn/infogk/detail.do?categoryid=101101&infoid=I1300000001068885001001&bdcodes=I1300000001068885001001,&laiyuan=%255B%25E5%25B9%25B3%25E5%258F%25B0%25E5%2586%2585%255D'}
2020-03-03 16:52:47,278  jy_hebei.py:327 : INFO  Parse item, [page_1]-[3/1]
2020-03-03 16:52:50,780  jy_hebei.py:353 : INFO  item is: {'_id': 'd5747a57e971f7afdac47cf02f8938d3',
 'area': '山西',
 'area_code': '14',
 'area_detail': '',
 'buyer': '',
 'content': '',
 'content_code': '1',
 'industry': '',
 'notice_time': '2020-03-03 00:00:00',
 'notice_type': '招标公告',
 'notice_type_code': '0101',
 'site': 'www.hebeieb.com.cn',
 'site_name': '河北省招标投标公共服务平台',
 'source': '河北省招标投标公共服务平台',
 'time_stamp': 1583225570690,
 'title': '邯郸产教融合实训基地项目消防设施设备材料采购',
 'tos': '工程建设',
 'tos_code': '01',
 'url': 'http://www.hebeieb.com.cn/infogk/detail.do?categoryid=101101&infoid=I1300000001057392023001&bdcodes=I1300000001057392023001,&laiyuan=%255B%25E5%25B9%25B3%25E5%258F%25B0%25E5%2586%2585%255D'}
2020-03-03 16:52:50,791  jy_hebei.py:327 : INFO  Parse item, [page_1]-[4/1]
2020-03-03 16:52:53,957  jy_hebei.py:353 : INFO  item is: {'_id': 'b6d9f4f038b90c0a63529997355e07d0',
 'area': '山西',
 'area_code': '14',
 'area_detail': '',
 'buyer': '',
 'content': '',
 'content_code': '1',
 'industry': '',
 'notice_time': '2020-03-03 00:00:00',
 'notice_type': '招标公告',
 'notice_type_code': '0101',
 'site': 'www.hebeieb.com.cn',
 'site_name': '河北省招标投标公共服务平台',
 'source': '河北省招标投标公共服务平台',
 'time_stamp': 1583225573894,
 'title': '聂庄至东港增二线和东港站改造工程（地方投资部分）第三方检测招标公告',
 'tos': '工程建设',
 'tos_code': '01',
 'url': 'http://www.hebeieb.com.cn/infogk/detail.do?categoryid=101101&infoid=I1300000001068891001001&bdcodes=I1300000001068891001001&laiyuan=%255B%25E5%25B9%25B3%25E5%258F%25B0%25E5%2586%2585%255D'}
2020-03-03 16:52:53,966  jy_hebei.py:327 : INFO  Parse item, [page_1]-[5/1]
2020-03-03 16:52:57,455  jy_hebei.py:353 : INFO  item is: {'_id': 'ad8c7ff9a3d7df82f8e640dbdd1aa48d',
 'area': '山西',
 'area_code': '14',
 'area_detail': '',
 'buyer': '',
 'content': '',
 'content_code': '1',
 'industry': '',
 'notice_time': '2020-03-03 00:00:00',
 'notice_type': '招标公告',
 'notice_type_code': '0101',
 'site': 'www.hebeieb.com.cn',
 'site_name': '河北省招标投标公共服务平台',
 'source': '河北省招标投标公共服务平台',
 'time_stamp': 1583225577357,
 'title': '承德市双峰寺水库防护工程监理（二次）',
 'tos': '工程建设',
 'tos_code': '01',
 'url': 'http://www.hebeieb.com.cn/infogk/detail.do?categoryid=101101&infoid=I1300000001068558001002&bdcodes=I1300000001068558001002&laiyuan=%255B%25E5%25B9%25B3%25E5%258F%25B0%25E5%2586%2585%255D'}
2020-03-03 16:52:57,471  jy_hebei.py:327 : INFO  Parse item, [page_1]-[6/1]
2020-03-03 16:52:59,422  jy_hebei.py:353 : INFO  item is: {'_id': '15b369f10dfab94391447840b16d7379',
 'area': '山西',
 'area_code': '14',
 'area_detail': '',
 'buyer': '',
 'content': '',
 'content_code': '1',
 'industry': '',
 'notice_time': '2020-03-03 00:00:00',
 'notice_type': '招标公告',
 'notice_type_code': '0101',
 'site': 'www.hebeieb.com.cn',
 'site_name': '河北省招标投标公共服务平台',
 'source': '河北省招标投标公共服务平台',
 'time_stamp': 1583225579330,
 'title': '国有企业职工家属区“三供一业”供热设施、设备维修改造工程监理',
 'tos': '工程建设',
 'tos_code': '01',
 'url': 'http://www.hebeieb.com.cn/infogk/detail.do?categoryid=101101&infoid=ad086f8ad434360a44e702e4e5b50ea3&bdcodes=I1301000075020075002001&laiyuan=%255B%25E6%2583%25A0%25E6%258B%259B%25E6%25A0%2587%255D'}
2020-03-03 16:52:59,435  jy_hebei.py:256 : INFO  Get page list url, page:[2], url:[http://www.hebeieb.com.cn/tender/xxgk/zbgg.do], status:[200], body md5:[917c5c17d86d3804364e1b1cdb181e7a]
2020-03-03 16:52:59,435  jy_hebei.py:258 : INFO  Crawl info: {'page_1': {'stop_parse': False, 'duplicate_records_num': 0, 'failed_page_num': 0, 'duplicate_list_page_num': 0, 'last_list_page_md5': 'ade00cfbfa7875128cf497b60cbdd0f5', 'total_page_num': 1, 'total_item_num': 6, 'stop_page_num': 1000, 'stop_dup_item_num': 500000, 'stop_failed_page_num': 10, 'crawl_start_time': '2020-03-03 16:52:30', 'crawl_end_time': ''}}
2020-03-03 16:52:59,443  jy_hebei.py:327 : INFO  Parse item, [page_1]-[1/2]
2020-03-03 16:58:24,802  middleware.py:48 : INFO  Enabled downloader middlewares:
['scrapy.downloadermiddlewares.robotstxt.RobotsTxtMiddleware',
 'scrapy.downloadermiddlewares.httpauth.HttpAuthMiddleware',
 'scrapy.downloadermiddlewares.downloadtimeout.DownloadTimeoutMiddleware',
 'scrapy.downloadermiddlewares.defaultheaders.DefaultHeadersMiddleware',
 'scrapy.downloadermiddlewares.useragent.UserAgentMiddleware',
 'scrapy.downloadermiddlewares.retry.RetryMiddleware',
 'scrapy.downloadermiddlewares.redirect.MetaRefreshMiddleware',
 'scrapy.downloadermiddlewares.redirect.RedirectMiddleware',
 'scrapy.downloadermiddlewares.cookies.CookiesMiddleware',
 'scrapy_splash.SplashCookiesMiddleware',
 'scrapy_splash.SplashMiddleware',
 'scrapy.downloadermiddlewares.httpproxy.HttpProxyMiddleware',
 'scrapy.downloadermiddlewares.httpcompression.HttpCompressionMiddleware',
 'scrapy.downloadermiddlewares.stats.DownloaderStats']
2020-03-03 16:58:24,809  middleware.py:48 : INFO  Enabled spider middlewares:
['jy_hebei.middlewares.CommonSpiderMiddleware',
 'scrapy.spidermiddlewares.httperror.HttpErrorMiddleware',
 'scrapy_splash.SplashDeduplicateArgsMiddleware',
 'scrapy.spidermiddlewares.offsite.OffsiteMiddleware',
 'scrapy.spidermiddlewares.referer.RefererMiddleware',
 'scrapy.spidermiddlewares.urllength.UrlLengthMiddleware',
 'scrapy.spidermiddlewares.depth.DepthMiddleware']
2020-03-03 16:58:24,811  middleware.py:48 : INFO  Enabled item pipelines:
['jy_hebei.pipelines.CommonPipeline']
2020-03-03 16:58:24,811  engine.py:257 : INFO  Spider opened
2020-03-03 16:58:24,815  logstats.py:48 : INFO  Crawled 0 pages (at 0 pages/min), scraped 0 items (at 0 items/min)
2020-03-03 16:58:24,816  middlewares.py:62 : INFO  Spider opened: jy_hebei_spider
2020-03-03 16:58:24,821  telnet.py:74 : INFO  Telnet console listening on 127.0.0.1:6025
2020-03-03 16:58:24,832  jy_hebei.py:455 : INFO  start crawling...
2020-03-03 16:58:35,580  jy_hebei.py:538 : INFO  Get page list url, page:[1], url:[http://www.hebeieb.com.cn/tender/xxgk/zbgg.do], status:[200], body md5:[ade00cfbfa7875128cf497b60cbdd0f5]
2020-03-03 16:58:35,580  jy_hebei.py:540 : INFO  Crawl info: {'page_1': {'stop_parse': False, 'duplicate_records_num': 0, 'failed_page_num': 0, 'duplicate_list_page_num': 0, 'last_list_page_md5': '', 'total_page_num': 0, 'total_item_num': 0, 'stop_page_num': 1000, 'stop_dup_item_num': 500000, 'stop_failed_page_num': 10, 'crawl_start_time': '2020-03-03 16:58:24', 'crawl_end_time': ''}}
2020-03-03 16:58:35,617  jy_hebei.py:609 : INFO  Parse item, [page_1]-[1/1]
2020-03-03 16:58:35,621  jy_crawl_helper.py:226 : INFO  Duplicate item:[b1e0b7866e9c971638cb084d4bff21aa] total:[page_1-0]
2020-03-03 16:58:35,622  jy_hebei.py:609 : INFO  Parse item, [page_1]-[2/1]
2020-03-03 16:58:35,626  jy_crawl_helper.py:226 : INFO  Duplicate item:[d6efd100ec266cc2f7e000fcaab3d479] total:[page_1-1]
2020-03-03 16:58:35,627  jy_hebei.py:609 : INFO  Parse item, [page_1]-[3/1]
2020-03-03 16:58:35,632  jy_crawl_helper.py:226 : INFO  Duplicate item:[d5747a57e971f7afdac47cf02f8938d3] total:[page_1-2]
2020-03-03 16:58:35,635  jy_hebei.py:609 : INFO  Parse item, [page_1]-[4/1]
2020-03-03 16:58:35,641  jy_crawl_helper.py:226 : INFO  Duplicate item:[b6d9f4f038b90c0a63529997355e07d0] total:[page_1-3]
2020-03-03 16:58:35,642  jy_hebei.py:609 : INFO  Parse item, [page_1]-[5/1]
2020-03-03 16:58:35,646  jy_crawl_helper.py:226 : INFO  Duplicate item:[ad8c7ff9a3d7df82f8e640dbdd1aa48d] total:[page_1-4]
2020-03-03 16:58:35,647  jy_hebei.py:609 : INFO  Parse item, [page_1]-[6/1]
2020-03-03 16:58:35,651  jy_crawl_helper.py:226 : INFO  Duplicate item:[15b369f10dfab94391447840b16d7379] total:[page_1-5]
2020-03-03 16:58:35,651  jy_hebei.py:609 : INFO  Parse item, [page_1]-[7/1]
2020-03-03 16:58:37,610  jy_hebei.py:635 : INFO  item is: {'_id': 'd1544fed359d2b4ea6afd253879c8ad3',
 'area': '河北',
 'area_code': '14',
 'area_detail': '',
 'buyer': '',
 'content': '',
 'content_code': '1',
 'industry': '',
 'notice_time': '2020-03-03 00:00:00',
 'notice_type': '招标公告',
 'notice_type_code': '0101',
 'site': 'www.hebeieb.com.cn',
 'site_name': '河北省招标投标公共服务平台',
 'source': '河北省招标投标公共服务平台',
 'time_stamp': 1583225917558,
 'title': '国有企业职工家属区“三供一业”供热设施、设备维修改造工程施工',
 'tos': '工程建设',
 'tos_code': '01',
 'url': 'http://www.hebeieb.com.cn/infogk/detail.do?categoryid=101101&infoid=e0452963aa1cdb7ab3e42e0dedf9f3a1&bdcodes=I1301000075020075001001&laiyuan=%255B%25E6%2583%25A0%25E6%258B%259B%25E6%25A0%2587%255D'}
2020-03-03 16:58:37,647  jy_hebei.py:609 : INFO  Parse item, [page_1]-[8/1]
